[15:13:04] [ServerMain/INFO]: [bootstrap] Running Java 21 (OpenJDK 64-Bit Server VM 21.0.8+9-Ubuntu-0ubuntu124.04.1; Ubuntu null) on Linux 6.8.0-79-generic (amd64)
[15:13:04] [ServerMain/INFO]: [bootstrap] Loading Paper 1.21-130-master@b1b5d4c (2024-08-10T10:02:42Z) for Minecraft 1.21
[15:13:06] [ServerMain/INFO]: [PluginInitializerManager] Initializing plugins...
[15:13:06] [ServerMain/INFO]: [PluginInitializerManager] Initialized 1 plugin
[15:13:06] [ServerMain/INFO]: [PluginInitializerManager] Bukkit plugins (1):
 - ItemLocker (1.0.0)
[15:13:09] [ServerMain/INFO]: Environment: Environment[sessionHost=https://sessionserver.mojang.com, servicesHost=https://api.minecraftservices.com, name=PROD]
[15:13:10] [ServerMain/INFO]: Loaded 1290 recipes
[15:13:10] [ServerMain/INFO]: Loaded 1399 advancements
[15:13:10] [Server thread/INFO]: Starting minecraft server version 1.21
[15:13:10] [Server thread/INFO]: Loading properties
[15:13:10] [Server thread/INFO]: This server is running Paper version 1.21-130-master@b1b5d4c (2024-08-10T10:02:42Z) (Implementing API version 1.21-R0.1-SNAPSHOT)
[15:13:11] [Server thread/INFO]: [spark] This server bundles the spark profiler. For more information please visit https://docs.papermc.io/paper/profiling
[15:13:11] [Server thread/INFO]: Server Ping Player Sample Count: 12
[15:13:11] [Server thread/INFO]: Using 4 threads for Netty based IO
[15:13:11] [Server thread/INFO]: [ChunkTaskScheduler] Chunk system is using 1 I/O threads, 4 worker threads, and population gen parallelism of 4 threads
[15:13:11] [Server thread/INFO]: Default game type: SURVIVAL
[15:13:11] [Server thread/INFO]: Generating keypair
[15:13:11] [Server thread/INFO]: Starting Minecraft server on *:25565
[15:13:11] [Server thread/INFO]: Using epoll channel type
[15:13:11] [Server thread/INFO]: Paper: Using libdeflate (Linux x86_64) compression from Velocity.
[15:13:11] [Server thread/INFO]: Paper: Using OpenSSL 3.0.x (Linux x86_64) cipher from Velocity.
[15:13:12] [Server thread/INFO]: [ItemLocker] Loading server plugin ItemLocker v1.0.0
[15:13:12] [Server thread/INFO]: Server permissions file permissions.yml is empty, ignoring it
[15:13:12] [Server thread/INFO]: Preparing level "world"
[15:13:12] [Server thread/INFO]: Preparing start region for dimension minecraft:overworld
[15:13:13] [Server thread/INFO]: Time elapsed: 783 ms
[15:13:13] [Server thread/INFO]: Preparing start region for dimension minecraft:the_nether
[15:13:13] [Server thread/INFO]: Time elapsed: 58 ms
[15:13:13] [Server thread/INFO]: Preparing start region for dimension minecraft:the_end
[15:13:13] [Server thread/INFO]: Time elapsed: 51 ms
[15:13:13] [Server thread/INFO]: [ItemLocker] Enabling ItemLocker v1.0.0
[15:13:13] [Server thread/INFO]: [ItemLocker] Loading Locks
[15:13:13] [Server thread/INFO]: [ItemLocker] [STDOUT] hi2
[15:13:13] [Server thread/WARN]: Nag author(s): '[]' of 'ItemLocker v1.0.0' about their usage of System.out/err.print. Please use your plugin's logger instead (JavaPlugin#getLogger).
[15:13:13] [Server thread/INFO]: [ItemLocker] Loaded Locks
[15:13:13] [Server thread/WARN]: [ItemLocker] Could not save config.yml to plugins/ItemLocker/config.yml because config.yml already exists.
[15:13:13] [Server thread/INFO]: [ItemLocker] [STDOUT] hi2
[15:13:13] [Server thread/INFO]: [ItemLocker] [STDOUT] hi2
[15:13:13] [Server thread/INFO]: [spark] Starting background profiler...
[15:13:14] [Server thread/INFO]: Done preparing level "world" (2.001s)
[15:13:14] [Server thread/INFO]: Running delayed init tasks
[15:13:14] [Server thread/INFO]: Done (9.804s)! For help, type "help"
[15:13:14] [Server thread/INFO]: Timings Reset
[15:30:11] [Server thread/WARN]: Can't keep up! Is the server overloaded? Running 105258ms or 2105 ticks behind
